2021-04-22 15:20:06,200 - __main__ - DEBUG - login called
2021-04-22 15:20:06,862 - __main__ - DEBUG - Credentials are set
2021-04-22 15:20:06,862 - __main__ - DEBUG - log in clicked
2021-04-22 15:20:15,178 - __main__ - INFO - get_all_courses : called
2021-04-22 15:20:15,650 - __main__ - INFO - Looking for Compiler Design(BTCS3602) > Attempt :1
2021-04-22 15:20:15,651 - __main__ - INFO - Compiler Design(BTCS3602) Element found 
2021-04-22 15:20:16,744 - __main__ - INFO - CAT-2 (For International Students)
Quiz
Restricted Not available unless: Your Department is NRI
2021-04-22 15:20:16,776 - __main__ - INFO - Looks complete
2021-04-22 15:20:16,791 - __main__ - INFO - IA-1 (For All Sections)
Quiz
2021-04-22 15:20:16,818 - __main__ - INFO - Looks complete
2021-04-22 15:20:16,834 - __main__ - INFO - CAT-1
Quiz
2021-04-22 15:20:16,863 - __main__ - INFO - Looks complete
2021-04-22 15:20:16,883 - __main__ - INFO - IA1-Sec 1 & CNCS-Mr Gokul Rajan V
Quiz
19 Jan 2021 (Tuesday)
6.00pm to 6.15pm
2021-04-22 15:20:16,914 - __main__ - INFO - Looks complete
2021-04-22 15:20:16,930 - __main__ - INFO - Re-CAT-1
Quiz
2021-04-22 15:20:16,959 - __main__ - INFO - Looks complete
2021-04-22 15:20:16,976 - __main__ - INFO - IA-2 (For All Section)
Quiz
2021-04-22 15:20:17,006 - __main__ - INFO - Looks complete
2021-04-22 15:20:17,025 - __main__ - INFO - IA-3 (For All Section)
Quiz
2021-04-22 15:20:17,055 - __main__ - INFO - Looks complete
2021-04-22 15:20:17,071 - __main__ - INFO - IA-4 (For All Section)
Quiz
2021-04-22 15:20:17,099 - __main__ - INFO - Looks complete
2021-04-22 15:20:17,115 - __main__ - INFO - Quiz 4-Sec 1 & CNCS 1_Mr. Gokul Rajan V
2021-04-22 15:20:17,141 - __main__ - INFO - looks incomplete
2021-04-22 15:20:17,165 - __main__ - INFO - Quiz 5_Sec 1 & CNCS 1_Mr. Gokul Rajan V
2021-04-22 15:20:17,191 - __main__ - INFO - looks incomplete
2021-04-22 15:20:17,202 - __main__ - INFO - get_incomplete_assignments : called
2021-04-22 15:20:17,348 - __main__ - INFO - CAT-3
Assignment
Students write name and admission number in answer sheet. 
Students also write contribution of each group members. 
The Complete assessment will be activity based on CO-5 and CO-6.
Maximum Mark will be 30.
Time duration can be fixed based on activity , In the attached Date sheet it is 2 hour. 
Group activities can also be given, with Maximum 3 students in a group and Case Study can be given to 3 Groups.
Solutions for the Problems must be unique and report must be minimum of 6 pages and maximum up-to 10 Pages, including Diagrams, Algorithm, Interpretation of Results, Review of Literature etc.
The  Report (PDF, Docx) must be screened through ithenticate and plagiarism must be less than 10%.
2021-04-22 15:20:17,383 - __main__ - INFO - Looks complete
2021-04-22 15:20:17,398 - __main__ - INFO - Assignment -1 (Sec 1 & CNCS)
2021-04-22 15:20:17,433 - __main__ - INFO - looks incomplete
2021-04-22 15:20:17,459 - __main__ - INFO - Assignment 3_CNCS-1 & Sec 1_Mr Gokul Rajan V
2021-04-22 15:20:17,495 - __main__ - INFO - Looks complete
2021-04-22 15:20:17,511 - __main__ - INFO - Assignment 4_Sec 1 & CNCS 1_Mr Gokul Rajan V
2021-04-22 15:20:17,544 - __main__ - INFO - Looks complete
2021-04-22 15:20:17,559 - __main__ - INFO - Case Study 1_Sec 1 & CNCS 1_Mr Gokul Rajan V
Assignment
Restricted Available until end of 8 April 2021
2021-04-22 15:20:17,593 - __main__ - INFO - Looks complete
2021-04-22 15:20:18,321 - __main__ - INFO - extract_quiz_info: called
2021-04-22 15:20:18,929 - __main__ - INFO - information extracted :Attempts allowed: 1
This quiz closed on Wednesday, 7 April 2021, 3:30 PM
Time limit: 25 mins
2021-04-22 15:20:18,968 - __main__ - INFO - extract_quiz_info: called
2021-04-22 15:20:19,049 - __main__ - INFO - information extracted :Attempts allowed: 1
This quiz closed on Wednesday, 7 April 2021, 3:00 PM
Time limit: 25 mins
2021-04-22 15:20:19,449 - __main__ - INFO - extract_assign_info: called
2021-04-22 15:20:20,579 - __main__ - INFO - Document link : https://lms.galgotiasuniversity.edu.in/pluginfile.php/1473414/mod_assign/introattachment/0/BTCS6204_Assignment%20No-1.docx?forcedownload=1 
 Document Name : BTCS6204_Assignment No-1.docx
